<?xml version="1.0" encoding="UTF-8"?>
<!-- Generated by org.testng.reporters.JUnitReportReporter -->
<testsuite skipped="0" hostname="DESKTOP-6T1R2HF" name="com.testcase.Test_Case_Login" tests="7" failures="0" timestamp="2021-09-28T21:25:38 IST" time="245.709" errors="0">
  <testcase name="login" time="33.532" classname="com.testcase.Test_Case_Login"/>
  <system-out/>
  <testcase name="login" time="45.380" classname="com.testcase.Test_Case_Login"/>
  <system-out/>
  <testcase name="login" time="39.216" classname="com.testcase.Test_Case_Login"/>
  <system-out/>
  <testcase name="login" time="33.124" classname="com.testcase.Test_Case_Login"/>
  <system-out/>
  <testcase name="login" time="26.626" classname="com.testcase.Test_Case_Login"/>
  <system-out/>
  <testcase name="login" time="28.078" classname="com.testcase.Test_Case_Login"/>
  <system-out/>
  <testcase name="login" time="39.753" classname="com.testcase.Test_Case_Login"/>
  <system-out/>
</testsuite> <!-- com.testcase.Test_Case_Login -->
