<?xml version="1.0" encoding="UTF-8"?>
<!-- Generated by org.testng.reporters.JUnitReportReporter -->
<testsuite skipped="0" hostname="DESKTOP-6T1R2HF" name="com.testng.TestNG.App" tests="1" failures="0" timestamp="2021-09-16T12:22:14 IST" time="22.650" errors="0">
  <testcase name="launchUrl" time="22.650" classname="com.testng.TestNG.App"/>
  <system-out/>
</testsuite> <!-- com.testng.TestNG.App -->
