<?xml version="1.0" encoding="UTF-8"?>
<!-- Generated by org.testng.reporters.JUnitReportReporter -->
<testsuite hostname="DESKTOP-6T1R2HF" failures="0" tests="7" name="Test_Runner.Runner_Class" time="159.697" errors="0" timestamp="2021-10-03T16:05:27 IST" skipped="0">
  <testcase classname="Test_Runner.Runner_Class" name="login" time="23.991"/>
  <system-out/>
  <testcase classname="Test_Runner.Runner_Class" name="login" time="18.011"/>
  <system-out/>
  <testcase classname="Test_Runner.Runner_Class" name="login" time="22.071"/>
  <system-out/>
  <testcase classname="Test_Runner.Runner_Class" name="login" time="20.484"/>
  <system-out/>
  <testcase classname="Test_Runner.Runner_Class" name="login" time="22.781"/>
  <system-out/>
  <testcase classname="Test_Runner.Runner_Class" name="login" time="32.280"/>
  <system-out/>
  <testcase classname="Test_Runner.Runner_Class" name="login" time="20.079"/>
  <system-out/>
</testsuite> <!-- Test_Runner.Runner_Class -->
